
                AND pg_catalog.pg_table_is_visible(c.oid)
2024-01-28 07:43:15,572 (0.039) INSERT INTO "django_migrations" ("app", "name", "applied") VALUES ('users', '0004_alter_user_is_superuser', '2024-01-28T07:43:15.533353+00:00'::timestamptz) RETURNING "django_migrations"."id"; args=('users', '0004_alter_user_is_superuser', datetime.datetime(2024, 1, 28, 7, 43, 15, 533353, tzinfo=datetime.timezone.utc)); alias=default
2024-01-28 07:45:35,151 (0.048) INSERT INTO "django_migrations" ("app", "name", "applied") VALUES ('users', '0005_alter_user_is_superuser', '2024-01-28T07:45:35.102514+00:00'::timestamptz) RETURNING "django_migrations"."id"; args=('users', '0005_alter_user_is_superuser', datetime.datetime(2024, 1, 28, 7, 45, 35, 102514, tzinfo=datetime.timezone.utc)); alias=default
2024-01-28 09:07:21,592 CREATE TABLE "stocks_stock" ("id" bigint NOT NULL PRIMARY KEY GENERATED BY DEFAULT AS IDENTITY, "ticker" varchar(9) NOT NULL UNIQUE, "name" varchar(100) NOT NULL, "price" double precision NOT NULL, "week_growth" double precision NOT NULL, "five_year_growth" double precision NOT NULL, "cap_size" varchar(2) NOT NULL); (params None)
2024-01-28 09:07:21,680 (0.088) CREATE TABLE "stocks_stock" ("id" bigint NOT NULL PRIMARY KEY GENERATED BY DEFAULT AS IDENTITY, "ticker" varchar(9) NOT NULL UNIQUE, "name" varchar(100) NOT NULL, "price" double precision NOT NULL, "week_growth" double precision NOT NULL, "five_year_growth" double precision NOT NULL, "cap_size" varchar(2) NOT NULL); args=None; alias=default
2024-01-28 17:05:34,070 CREATE TABLE "stocks_userstocks" ("id" bigint NOT NULL PRIMARY KEY GENERATED BY DEFAULT AS IDENTITY, "stocks_id" bigint NOT NULL, "user_id" uuid NOT NULL); (params None)
2024-01-28 17:05:34,155 (0.085) CREATE TABLE "stocks_userstocks" ("id" bigint NOT NULL PRIMARY KEY GENERATED BY DEFAULT AS IDENTITY, "stocks_id" bigint NOT NULL, "user_id" uuid NOT NULL); args=None; alias=default
2024-01-28 17:05:34,155 ALTER TABLE "stocks_userstocks" ADD CONSTRAINT "stocks_userstocks_stocks_id_5a3baad7_fk_stocks_stock_id" FOREIGN KEY ("stocks_id") REFERENCES "stocks_stock" ("id") DEFERRABLE INITIALLY DEFERRED; (params None)
2024-01-28 17:05:34,197 (0.041) ALTER TABLE "stocks_userstocks" ADD CONSTRAINT "stocks_userstocks_stocks_id_5a3baad7_fk_stocks_stock_id" FOREIGN KEY ("stocks_id") REFERENCES "stocks_stock" ("id") DEFERRABLE INITIALLY DEFERRED; args=None; alias=default
2024-01-28 17:05:34,197 ALTER TABLE "stocks_userstocks" ADD CONSTRAINT "stocks_userstocks_user_id_c7abccb7_fk_users_user_id" FOREIGN KEY ("user_id") REFERENCES "users_user" ("id") DEFERRABLE INITIALLY DEFERRED; (params None)
2024-01-28 17:05:34,239 (0.042) ALTER TABLE "stocks_userstocks" ADD CONSTRAINT "stocks_userstocks_user_id_c7abccb7_fk_users_user_id" FOREIGN KEY ("user_id") REFERENCES "users_user" ("id") DEFERRABLE INITIALLY DEFERRED; args=None; alias=default
2024-01-28 19:55:24,672 CREATE TABLE "users_userportfolio" ("id" bigint NOT NULL PRIMARY KEY GENERATED BY DEFAULT AS IDENTITY, "small_cap_percentage" double precision NOT NULL, "medium_cap_percentage" double precision NOT NULL, "large_cap_percentage" double precision NOT NULL, "user_id" uuid NOT NULL); (params None)
2024-01-28 19:55:24,767 (0.095) CREATE TABLE "users_userportfolio" ("id" bigint NOT NULL PRIMARY KEY GENERATED BY DEFAULT AS IDENTITY, "small_cap_percentage" double precision NOT NULL, "medium_cap_percentage" double precision NOT NULL, "large_cap_percentage" double precision NOT NULL, "user_id" uuid NOT NULL); args=None; alias=default
2024-01-28 19:55:24,767 ALTER TABLE "users_userportfolio" ADD CONSTRAINT "users_userportfolio_user_id_bced5621_fk_users_user_id" FOREIGN KEY ("user_id") REFERENCES "users_user" ("id") DEFERRABLE INITIALLY DEFERRED; (params None)
2024-01-28 19:55:24,948 (0.181) ALTER TABLE "users_userportfolio" ADD CONSTRAINT "users_userportfolio_user_id_bced5621_fk_users_user_id" FOREIGN KEY ("user_id") REFERENCES "users_user" ("id") DEFERRABLE INITIALLY DEFERRED; args=None; alias=default
            WHERE cl.relname = 'users_userportfolio' AND pg_catalog.pg_table_is_visible(cl.oid)
                WHERE c.relname = 'users_userportfolio' AND pg_catalog.pg_table_is_visible(c.oid)
2024-01-28 20:31:42,037 SET CONSTRAINTS "users_userportfolio_user_id_bced5621_fk_users_user_id" IMMEDIATE; ALTER TABLE "users_userportfolio" DROP CONSTRAINT "users_userportfolio_user_id_bced5621_fk_users_user_id"; (params None)
2024-01-28 20:31:42,137 (0.099) SET CONSTRAINTS "users_userportfolio_user_id_bced5621_fk_users_user_id" IMMEDIATE; ALTER TABLE "users_userportfolio" DROP CONSTRAINT "users_userportfolio_user_id_bced5621_fk_users_user_id"; args=None; alias=default
2024-01-28 20:31:42,638 DROP INDEX IF EXISTS "users_userportfolio_user_id_bced5621"; (params None)
2024-01-28 20:31:42,701 (0.063) DROP INDEX IF EXISTS "users_userportfolio_user_id_bced5621"; args=None; alias=default
2024-01-28 20:31:42,702 ALTER TABLE "users_userportfolio" ADD CONSTRAINT "users_userportfolio_user_id_bced5621_uniq" UNIQUE ("user_id"); (params None)
2024-01-28 20:31:42,744 (0.042) ALTER TABLE "users_userportfolio" ADD CONSTRAINT "users_userportfolio_user_id_bced5621_uniq" UNIQUE ("user_id"); args=None; alias=default
2024-01-28 20:31:42,745 ALTER TABLE "users_userportfolio" ADD CONSTRAINT "users_userportfolio_user_id_bced5621_fk_users_user_id" FOREIGN KEY ("user_id") REFERENCES "users_user" ("id") DEFERRABLE INITIALLY DEFERRED; (params None)
2024-01-28 20:31:42,905 (0.160) ALTER TABLE "users_userportfolio" ADD CONSTRAINT "users_userportfolio_user_id_bced5621_fk_users_user_id" FOREIGN KEY ("user_id") REFERENCES "users_user" ("id") DEFERRABLE INITIALLY DEFERRED; args=None; alias=default
2024-01-28 20:31:43,560 (0.247) INSERT INTO "django_migrations" ("app", "name", "applied") VALUES ('users', '0007_alter_userportfolio_user', '2024-01-28T20:31:43.312782+00:00'::timestamptz) RETURNING "django_migrations"."id"; args=('users', '0007_alter_userportfolio_user', datetime.datetime(2024, 1, 28, 20, 31, 43, 312782, tzinfo=datetime.timezone.utc)); alias=default
2024-01-28 20:49:03,441 CREATE TABLE "users_userportfolioactual" ("id" bigint NOT NULL PRIMARY KEY GENERATED BY DEFAULT AS IDENTITY, "small_cap_percentage" double precision NOT NULL, "medium_cap_percentage" double precision NOT NULL, "large_cap_percentage" double precision NOT NULL, "user_id" uuid NOT NULL UNIQUE); (params None)
2024-01-28 20:49:03,585 (0.144) CREATE TABLE "users_userportfolioactual" ("id" bigint NOT NULL PRIMARY KEY GENERATED BY DEFAULT AS IDENTITY, "small_cap_percentage" double precision NOT NULL, "medium_cap_percentage" double precision NOT NULL, "large_cap_percentage" double precision NOT NULL, "user_id" uuid NOT NULL UNIQUE); args=None; alias=default
2024-01-28 20:49:03,586 ALTER TABLE "users_userportfolioactual" ADD CONSTRAINT "users_userportfolioactual_user_id_15b8287d_fk_users_user_id" FOREIGN KEY ("user_id") REFERENCES "users_user" ("id") DEFERRABLE INITIALLY DEFERRED; (params None)
2024-01-28 20:49:03,628 (0.043) ALTER TABLE "users_userportfolioactual" ADD CONSTRAINT "users_userportfolioactual_user_id_15b8287d_fk_users_user_id" FOREIGN KEY ("user_id") REFERENCES "users_user" ("id") DEFERRABLE INITIALLY DEFERRED; args=None; alias=default
